Using pre-set license

 COMMAND LINE ARGUMENTS:
/Applications/Unity/Hub/Editor/2020.3.11f1/Unity.app/Contents/MacOS/Unity
-adb2
-batchMode
-noUpm
-name
AssetImportWorker0
-projectPath
/Users/genereddick/GitHub/ARBodyTrackingAndPuppeteering
-logFile
Logs/AssetImportWorker0.log
-srvPort
59952
Successfully changed project path to: /Users/genereddick/GitHub/ARBodyTrackingAndPuppeteering
/Users/genereddick/GitHub/ARBodyTrackingAndPuppeteering
Using Asset Import Pipeline V2.
Refreshing native plugins compatible for Editor in 63.75 ms, found 2 plugins.
Preloading 0 native plugins for Editor in 0.00 ms.
Initialize engine version: 2020.3.11f1 (99c7afb366b3)
[Subsystems] Discovering subsystems at path /Applications/Unity/Hub/Editor/2020.3.11f1/Unity.app/Contents/Resources/UnitySubsystems
[Subsystems] Discovering subsystems at path /Users/genereddick/GitHub/ARBodyTrackingAndPuppeteering/Assets
GfxDevice: creating device client; threaded=0
2021-06-23 10:39:19.212 Unity[29039:508942] Color LCD preferred device: AMD Radeon Pro 560X (high power)
2021-06-23 10:39:19.212 Unity[29039:508942] Metal devices available: 2
2021-06-23 10:39:19.212 Unity[29039:508942] 0: AMD Radeon Pro 560X (high power)
2021-06-23 10:39:19.212 Unity[29039:508942] 1: Intel(R) UHD Graphics 630 (low power)
2021-06-23 10:39:19.212 Unity[29039:508942] Using device AMD Radeon Pro 560X (high power)
Initializing Metal device caps: AMD Radeon Pro 560X
Initialize mono
Mono path[0] = '/Applications/Unity/Hub/Editor/2020.3.11f1/Unity.app/Contents/Managed'
Mono path[1] = '/Applications/Unity/Hub/Editor/2020.3.11f1/Unity.app/Contents/MonoBleedingEdge/lib/mono/unityjit'
Mono config path = '/Applications/Unity/Hub/Editor/2020.3.11f1/Unity.app/Contents/MonoBleedingEdge/etc'
Using monoOptions --debugger-agent=transport=dt_socket,embedding=1,server=y,suspend=n,address=127.0.0.1:56039
Begin MonoManager ReloadAssembly
Registering precompiled unity dll's ...
Register platform support module: /Applications/Unity/Hub/Editor/2020.3.11f1/Unity.app/Contents/PlaybackEngines/MacStandaloneSupport/UnityEditor.OSXStandalone.Extensions.dll
Registered in 0.001865 seconds.
Native extension for OSXStandalone target not found
Refreshing native plugins compatible for Editor in 37.78 ms, found 2 plugins.
Preloading 0 native plugins for Editor in 0.00 ms.
Mono: successfully reloaded assembly
- Completed reload, in  1.393 seconds
Platform modules already initialized, skipping
Registering precompiled user dll's ...
Registered in 0.013391 seconds.
Begin MonoManager ReloadAssembly
Native extension for OSXStandalone target not found
Refreshing native plugins compatible for Editor in 37.88 ms, found 2 plugins.
Preloading 0 native plugins for Editor in 0.00 ms.
WARNING: RGBA Compressed PVRTC 4BPP UNorm format is not supported, decompressing texture
Mono: successfully reloaded assembly
- Completed reload, in  2.051 seconds
Platform modules already initialized, skipping
========================================================================
Worker process is ready to serve import requests
Launching external process: /Applications/Unity/Hub/Editor/2020.3.11f1/Unity.app/Contents/Tools/UnityShaderCompiler
Launched and connected shader compiler UnityShaderCompiler after 0.01 seconds
Refreshing native plugins compatible for Editor in 0.53 ms, found 2 plugins.
Preloading 0 native plugins for Editor in 0.00 ms.
Unloading 2646 Unused Serialized files (Serialized files now loaded: 0)
System memory in use before: 208.4 MB.
System memory in use after: 207.9 MB.

Unloading 41 unused Assets to reduce memory usage. Loaded Objects now: 3066.
Total: 2.987271 ms (FindLiveObjects: 0.245652 ms CreateObjectMapping: 0.109845 ms MarkObjects: 2.258341 ms  DeleteObjects: 0.372635 ms)

========================================================================
Received Import Request.
  path: Assets/Models/controlled_robot.fbx
  artifactKey: Guid(fd0671e9ecb168342ae31510a338f44e) Importer(815301076,1909f56bfc062723c751e8b465ee728b)
Start importing Assets/Models/controlled_robot.fbx using Guid(fd0671e9ecb168342ae31510a338f44e) Importer(815301076,1909f56bfc062723c751e8b465ee728b)  -> (artifact id: '273963f5b9da6a36651a5a4aa95c630c') in 1.823792 seconds
  Import took 1.830351 seconds .

========================================================================
Received Import Request.
  Time since last request: 0.000248 seconds.
  path: Assets/Models/SwappedRobot.fbx
  artifactKey: Guid(3db441249bbba994d8c162ef871ec9eb) Importer(815301076,1909f56bfc062723c751e8b465ee728b)
Start importing Assets/Models/SwappedRobot.fbx using Guid(3db441249bbba994d8c162ef871ec9eb) Importer(815301076,1909f56bfc062723c751e8b465ee728b)  -> (artifact id: '36fec5ef2d181e93b9452bd3dab79e59') in 0.049294 seconds
  Import took 0.054842 seconds .

========================================================================
Received Import Request.
  Time since last request: 10.536022 seconds.
  path: Assets/Prefabs/Armature Variant.prefab
  artifactKey: Guid(4b5c5a104af06fe4f8af49ea7962091c) Importer(815301076,1909f56bfc062723c751e8b465ee728b)
Start importing Assets/Prefabs/Armature Variant.prefab using Guid(4b5c5a104af06fe4f8af49ea7962091c) Importer(815301076,1909f56bfc062723c751e8b465ee728b)  -> (artifact id: 'ed11541f5b4ac37d4e3d21831dd4a05e') in 0.426877 seconds
  Import took 0.432843 seconds .

========================================================================
Received Import Request.
  Time since last request: 0.000198 seconds.
  path: Assets/Prefabs/Avatar Variant.prefab
  artifactKey: Guid(2be49c79c44cb684b84e1756a3202eea) Importer(815301076,1909f56bfc062723c751e8b465ee728b)
Start importing Assets/Prefabs/Avatar Variant.prefab using Guid(2be49c79c44cb684b84e1756a3202eea) Importer(815301076,1909f56bfc062723c751e8b465ee728b)  -> (artifact id: '4a49160e6cc6908448cf9ecf2607764a') in 0.039017 seconds
  Import took 0.044099 seconds .

========================================================================
Received Import Request.
  Time since last request: 0.000195 seconds.
  path: Assets/Prefabs/SimpleControlledRobot.prefab
  artifactKey: Guid(1483acbdacd7c8d4c81ab7f9773b9bbf) Importer(815301076,1909f56bfc062723c751e8b465ee728b)
Start importing Assets/Prefabs/SimpleControlledRobot.prefab using Guid(1483acbdacd7c8d4c81ab7f9773b9bbf) Importer(815301076,1909f56bfc062723c751e8b465ee728b)  -> (artifact id: 'd61c32f100f5412a2cbddcb8af9d3ccd') in 0.036050 seconds
  Import took 0.040611 seconds .

========================================================================
Received Import Request.
  Time since last request: 0.000193 seconds.
  path: Assets/Prefabs/SimpleRobot.prefab
  artifactKey: Guid(bb4d540604332d44f959bd9672a6a442) Importer(815301076,1909f56bfc062723c751e8b465ee728b)
Start importing Assets/Prefabs/SimpleRobot.prefab using Guid(bb4d540604332d44f959bd9672a6a442) Importer(815301076,1909f56bfc062723c751e8b465ee728b)  -> (artifact id: '3728e4ab6a98f980d56abfcf56e0fad8') in 0.031998 seconds
  Import took 0.035998 seconds .

========================================================================
Received Import Request.
  Time since last request: 0.000215 seconds.
  path: Assets/Prefabs/ControlledRobotSwapped.prefab
  artifactKey: Guid(2030a87bac5259f41b154ea0345fcdb8) Importer(815301076,1909f56bfc062723c751e8b465ee728b)
Start importing Assets/Prefabs/ControlledRobotSwapped.prefab using Guid(2030a87bac5259f41b154ea0345fcdb8) Importer(815301076,1909f56bfc062723c751e8b465ee728b)  -> (artifact id: 'd0d9ecb80f95001e7843c946efba4f98') in 0.035365 seconds
  Import took 0.039801 seconds .

========================================================================
Received Import Request.
  Time since last request: 29.625841 seconds.
  path: Assets/Materials/Red.mat
  artifactKey: Guid(a2a3efe81596e624bafc7fda55f05031) Importer(815301076,1909f56bfc062723c751e8b465ee728b)
Start importing Assets/Materials/Red.mat using Guid(a2a3efe81596e624bafc7fda55f05031) Importer(815301076,1909f56bfc062723c751e8b465ee728b)  -> (artifact id: 'a92d326a8295a6a777879a1c658000d9') in 0.264129 seconds
  Import took 0.269434 seconds .

========================================================================
Received Import Request.
  Time since last request: 3.409214 seconds.
  path: Assets/Models/ControlledRobotMat/armorMAT.mat
  artifactKey: Guid(5fed5f43949929944a28f98ae508c993) Importer(815301076,1909f56bfc062723c751e8b465ee728b)
Start importing Assets/Models/ControlledRobotMat/armorMAT.mat using Guid(5fed5f43949929944a28f98ae508c993) Importer(815301076,1909f56bfc062723c751e8b465ee728b)  -> (artifact id: 'fe371b2bb87cc54d3819d2b8619c2e36') in 0.007884 seconds
  Import took 0.012767 seconds .

========================================================================
Received Import Request.
  Time since last request: 0.000186 seconds.
  path: Assets/Models/ControlledRobotMat/rodsMAT.mat
  artifactKey: Guid(83e8005a862edbb47af8054a368c659e) Importer(815301076,1909f56bfc062723c751e8b465ee728b)
Start importing Assets/Models/ControlledRobotMat/rodsMAT.mat using Guid(83e8005a862edbb47af8054a368c659e) Importer(815301076,1909f56bfc062723c751e8b465ee728b)  -> (artifact id: '93b86a0375cfa963aa0c90f06078d36c') in 0.007528 seconds
  Import took 0.011655 seconds .

========================================================================
Received Import Request.
  Time since last request: 0.000190 seconds.
  path: Assets/Models/ControlledRobotMat/infiniteJointsMAT.mat
  artifactKey: Guid(95371e4dda1d52744adfa33cd0213723) Importer(815301076,1909f56bfc062723c751e8b465ee728b)
Start importing Assets/Models/ControlledRobotMat/infiniteJointsMAT.mat using Guid(95371e4dda1d52744adfa33cd0213723) Importer(815301076,1909f56bfc062723c751e8b465ee728b)  -> (artifact id: 'b8a6550ce63f9a7198c775bb63fe0c1c') in 0.018298 seconds
  Import took 0.022638 seconds .

========================================================================
Received Import Request.
  Time since last request: 1.230377 seconds.
  path: Assets/Models/Materials/armorMAT.mat
  artifactKey: Guid(c1b8d60a6818c334190871c0ad5d3d37) Importer(815301076,1909f56bfc062723c751e8b465ee728b)
Start importing Assets/Models/Materials/armorMAT.mat using Guid(c1b8d60a6818c334190871c0ad5d3d37) Importer(815301076,1909f56bfc062723c751e8b465ee728b)  -> (artifact id: '563c2dd55514c90a701f4d7def312c8d') in 0.007935 seconds
  Import took 0.012467 seconds .

========================================================================
Received Import Request.
  Time since last request: 0.000181 seconds.
  path: Assets/Models/Materials/rodsMAT.mat
  artifactKey: Guid(1f65779bc39fb3b4b8a730e0fc66a176) Importer(815301076,1909f56bfc062723c751e8b465ee728b)
Start importing Assets/Models/Materials/rodsMAT.mat using Guid(1f65779bc39fb3b4b8a730e0fc66a176) Importer(815301076,1909f56bfc062723c751e8b465ee728b)  -> (artifact id: 'b426728303cc91d7029aba759ecbfdae') in 0.006697 seconds
  Import took 0.010810 seconds .

========================================================================
Received Import Request.
  Time since last request: 0.000227 seconds.
  path: Assets/Models/Materials/infiniteJointsMAT.mat
  artifactKey: Guid(afb0e1c5390fbf640bb643fe0b4dfb48) Importer(815301076,1909f56bfc062723c751e8b465ee728b)
Start importing Assets/Models/Materials/infiniteJointsMAT.mat using Guid(afb0e1c5390fbf640bb643fe0b4dfb48) Importer(815301076,1909f56bfc062723c751e8b465ee728b)  -> (artifact id: 'ab1b5bb308e5c139777fea8814a68101') in 0.019157 seconds
  Import took 0.023503 seconds .

========================================================================
Received Import Request.
  Time since last request: 109.452011 seconds.
  path: Assets/StarterAssets/ThirdPersonController/Character/Models/Armature.fbx
  artifactKey: Guid(36078ab0369161e49a29d349ae3e0739) Importer(815301076,1909f56bfc062723c751e8b465ee728b)
Start importing Assets/StarterAssets/ThirdPersonController/Character/Models/Armature.fbx using Guid(36078ab0369161e49a29d349ae3e0739) Importer(815301076,1909f56bfc062723c751e8b465ee728b)  -> (artifact id: '70be0728b81ce77c13664f5892ec348a') in 0.051173 seconds
  Import took 0.056323 seconds .

